c:\users\ronom\onedrive\שולחן העבודה\לימודים\שנה א\סמסטר א\c + עקרונות התכנות\c tasks\finalproject\finalproject\debug\vc143.pdb
c:\users\ronom\onedrive\שולחן העבודה\לימודים\שנה א\סמסטר א\c + עקרונות התכנות\c tasks\finalproject\finalproject\debug\vc143.idb
c:\users\ronom\onedrive\שולחן העבודה\לימודים\שנה א\סמסטר א\c + עקרונות התכנות\c tasks\finalproject\finalproject\debug\qfinal.obj
c:\users\ronom\onedrive\שולחן העבודה\לימודים\שנה א\סמסטר א\c + עקרונות התכנות\c tasks\finalproject\finalproject\debug\finalproject.ilk
c:\users\ronom\onedrive\שולחן העבודה\לימודים\שנה א\סמסטר א\c + עקרונות התכנות\c tasks\finalproject\finalproject\debug\check.obj
c:\users\ronom\onedrive\שולחן העבודה\לימודים\שנה א\סמסטר א\c + עקרונות התכנות\c tasks\finalproject\debug\finalproject.pdb
c:\users\ronom\onedrive\שולחן העבודה\לימודים\שנה א\סמסטר א\c + עקרונות התכנות\c tasks\finalproject\finalproject\debug\finalproject.tlog\cl.command.1.tlog
c:\users\ronom\onedrive\שולחן העבודה\לימודים\שנה א\סמסטר א\c + עקרונות התכנות\c tasks\finalproject\finalproject\debug\finalproject.tlog\cl.items.tlog
c:\users\ronom\onedrive\שולחן העבודה\לימודים\שנה א\סמסטר א\c + עקרונות התכנות\c tasks\finalproject\finalproject\debug\finalproject.tlog\cl.read.1.tlog
c:\users\ronom\onedrive\שולחן העבודה\לימודים\שנה א\סמסטר א\c + עקרונות התכנות\c tasks\finalproject\finalproject\debug\finalproject.tlog\cl.write.1.tlog
c:\users\ronom\onedrive\שולחן העבודה\לימודים\שנה א\סמסטר א\c + עקרונות התכנות\c tasks\finalproject\finalproject\debug\finalproject.tlog\link-cvtres.read.1.tlog
c:\users\ronom\onedrive\שולחן העבודה\לימודים\שנה א\סמסטר א\c + עקרונות התכנות\c tasks\finalproject\finalproject\debug\finalproject.tlog\link-cvtres.write.1.tlog
c:\users\ronom\onedrive\שולחן העבודה\לימודים\שנה א\סמסטר א\c + עקרונות התכנות\c tasks\finalproject\finalproject\debug\finalproject.tlog\link-rc.read.1.tlog
c:\users\ronom\onedrive\שולחן העבודה\לימודים\שנה א\סמסטר א\c + עקרונות התכנות\c tasks\finalproject\finalproject\debug\finalproject.tlog\link-rc.write.1.tlog
c:\users\ronom\onedrive\שולחן העבודה\לימודים\שנה א\סמסטר א\c + עקרונות התכנות\c tasks\finalproject\finalproject\debug\finalproject.tlog\link.31396-cvtres.read.1.tlog
c:\users\ronom\onedrive\שולחן העבודה\לימודים\שנה א\סמסטר א\c + עקרונות התכנות\c tasks\finalproject\finalproject\debug\finalproject.tlog\link.31396-cvtres.write.1.tlog
c:\users\ronom\onedrive\שולחן העבודה\לימודים\שנה א\סמסטר א\c + עקרונות התכנות\c tasks\finalproject\finalproject\debug\finalproject.tlog\link.31396-rc.read.1.tlog
c:\users\ronom\onedrive\שולחן העבודה\לימודים\שנה א\סמסטר א\c + עקרונות התכנות\c tasks\finalproject\finalproject\debug\finalproject.tlog\link.31396-rc.write.1.tlog
c:\users\ronom\onedrive\שולחן העבודה\לימודים\שנה א\סמסטר א\c + עקרונות התכנות\c tasks\finalproject\finalproject\debug\finalproject.tlog\link.31396.read.1.tlog
c:\users\ronom\onedrive\שולחן העבודה\לימודים\שנה א\סמסטר א\c + עקרונות התכנות\c tasks\finalproject\finalproject\debug\finalproject.tlog\link.31396.write.1.tlog
c:\users\ronom\onedrive\שולחן העבודה\לימודים\שנה א\סמסטר א\c + עקרונות התכנות\c tasks\finalproject\finalproject\debug\finalproject.tlog\link.command.1.tlog
c:\users\ronom\onedrive\שולחן העבודה\לימודים\שנה א\סמסטר א\c + עקרונות התכנות\c tasks\finalproject\finalproject\debug\finalproject.tlog\link.read.1.tlog
c:\users\ronom\onedrive\שולחן העבודה\לימודים\שנה א\סמסטר א\c + עקרונות התכנות\c tasks\finalproject\finalproject\debug\finalproject.tlog\link.secondary.1.tlog
c:\users\ronom\onedrive\שולחן העבודה\לימודים\שנה א\סמסטר א\c + עקרונות התכנות\c tasks\finalproject\finalproject\debug\finalproject.tlog\link.write.1.tlog
